2019-10-24 09:31:20.535  INFO 22632 --- [main] com.feri.rbac.RbacApplication            : Starting RbacApplication on feri with PID 22632 (H:\Project\IdeProject2.0\CommonRbac\target\classes started by xing in H:\Project\IdeProject2.0\CommonRbac)
2019-10-24 09:31:20.595  INFO 22632 --- [main] com.feri.rbac.RbacApplication            : No active profile set, falling back to default profiles: default
2019-10-24 09:31:26.321  INFO 22632 --- [main] trationDelegate$BeanPostProcessorChecker : Bean 'org.apache.shiro.spring.boot.autoconfigure.ShiroBeanAutoConfiguration' of type [org.apache.shiro.spring.boot.autoconfigure.ShiroBeanAutoConfiguration$$EnhancerBySpringCGLIB$$e0055e3e] is not eligible for getting processed by all BeanPostProcessors (for example: not eligible for auto-proxying)
2019-10-24 09:31:26.389  INFO 22632 --- [main] trationDelegate$BeanPostProcessorChecker : Bean 'org.apache.shiro.spring.boot.autoconfigure.ShiroAnnotationProcessorAutoConfiguration' of type [org.apache.shiro.spring.boot.autoconfigure.ShiroAnnotationProcessorAutoConfiguration$$EnhancerBySpringCGLIB$$e2989ce3] is not eligible for getting processed by all BeanPostProcessors (for example: not eligible for auto-proxying)
2019-10-24 09:31:26.414  INFO 22632 --- [main] trationDelegate$BeanPostProcessorChecker : Bean 'shiroConfig' of type [com.feri.rbac.config.ShiroConfig$$EnhancerBySpringCGLIB$$8b90026b] is not eligible for getting processed by all BeanPostProcessors (for example: not eligible for auto-proxying)
2019-10-24 09:31:26.423  INFO 22632 --- [main] trationDelegate$BeanPostProcessorChecker : Bean 'org.springframework.transaction.annotation.ProxyTransactionManagementConfiguration' of type [org.springframework.transaction.annotation.ProxyTransactionManagementConfiguration] is not eligible for getting processed by all BeanPostProcessors (for example: not eligible for auto-proxying)
2019-10-24 09:31:26.434  INFO 22632 --- [main] trationDelegate$BeanPostProcessorChecker : Bean 'myRealm' of type [com.feri.rbac.shiro.MyRealm] is not eligible for getting processed by all BeanPostProcessors (for example: not eligible for auto-proxying)
2019-10-24 09:31:27.281  INFO 22632 --- [main] trationDelegate$BeanPostProcessorChecker : Bean 'createSM' of type [org.apache.shiro.web.mgt.DefaultWebSecurityManager] is not eligible for getting processed by all BeanPostProcessors (for example: not eligible for auto-proxying)
2019-10-24 09:31:27.299  INFO 22632 --- [main] trationDelegate$BeanPostProcessorChecker : Bean 'authorizationAttributeSourceAdvisor' of type [org.apache.shiro.spring.security.interceptor.AuthorizationAttributeSourceAdvisor] is not eligible for getting processed by all BeanPostProcessors (for example: not eligible for auto-proxying)
2019-10-24 09:31:27.337  INFO 22632 --- [main] trationDelegate$BeanPostProcessorChecker : Bean 'eventBus' of type [org.apache.shiro.event.support.DefaultEventBus] is not eligible for getting processed by all BeanPostProcessors (for example: not eligible for auto-proxying)
2019-10-24 09:31:28.041  INFO 22632 --- [main] o.s.b.w.embedded.tomcat.TomcatWebServer  : Tomcat initialized with port(s): 8088 (http)
2019-10-24 09:31:28.077  INFO 22632 --- [main] o.apache.catalina.core.StandardService   : Starting service [Tomcat]
2019-10-24 09:31:28.077  INFO 22632 --- [main] org.apache.catalina.core.StandardEngine  : Starting Servlet engine: [Apache Tomcat/9.0.27]
2019-10-24 09:31:28.426  INFO 22632 --- [main] o.a.c.c.C.[Tomcat].[localhost].[/]       : Initializing Spring embedded WebApplicationContext
2019-10-24 09:31:28.428  INFO 22632 --- [main] o.s.web.context.ContextLoader            : Root WebApplicationContext: initialization completed in 7611 ms
2019-10-24 09:31:29.837  INFO 22632 --- [main] com.alibaba.druid.pool.DruidDataSource   : {dataSource-1} inited
2019-10-24 09:31:31.790  INFO 22632 --- [main] pertySourcedRequestMappingHandlerMapping : Mapped URL path [/v2/api-docs] onto method [springfox.documentation.swagger2.web.Swagger2Controller#getDocumentation(String, HttpServletRequest)]
2019-10-24 09:31:32.229  INFO 22632 --- [main] o.s.s.concurrent.ThreadPoolTaskExecutor  : Initializing ExecutorService 'applicationTaskExecutor'
2019-10-24 09:31:32.427  INFO 22632 --- [main] o.s.b.a.w.s.WelcomePageHandlerMapping    : Adding welcome page: class path resource [static/index.html]
2019-10-24 09:31:32.914  INFO 22632 --- [main] d.s.w.p.DocumentationPluginsBootstrapper : Context refreshed
2019-10-24 09:31:33.008  INFO 22632 --- [main] d.s.w.p.DocumentationPluginsBootstrapper : Found 1 custom documentation plugin(s)
2019-10-24 09:31:33.077  INFO 22632 --- [main] s.d.s.w.s.ApiListingReferenceScanner     : Scanning for api listing references
2019-10-24 09:31:33.535  INFO 22632 --- [main] .d.s.w.r.o.CachingOperationNameGenerator : Generating unique operation named: allUsingGET_1
2019-10-24 09:31:33.537  INFO 22632 --- [main] .d.s.w.r.o.CachingOperationNameGenerator : Generating unique operation named: delUsingDELETE_1
2019-10-24 09:31:33.541  INFO 22632 --- [main] .d.s.w.r.o.CachingOperationNameGenerator : Generating unique operation named: getPageUsingGET_1
2019-10-24 09:31:33.545  INFO 22632 --- [main] .d.s.w.r.o.CachingOperationNameGenerator : Generating unique operation named: saveUsingPOST_1
2019-10-24 09:31:33.559  INFO 22632 --- [main] .d.s.w.r.o.CachingOperationNameGenerator : Generating unique operation named: updateUsingPUT_1
2019-10-24 09:31:33.562  INFO 22632 --- [main] .d.s.w.r.o.CachingOperationNameGenerator : Generating unique operation named: allUsingGET_2
2019-10-24 09:31:33.564  INFO 22632 --- [main] .d.s.w.r.o.CachingOperationNameGenerator : Generating unique operation named: delUsingDELETE_2
2019-10-24 09:31:33.567  INFO 22632 --- [main] .d.s.w.r.o.CachingOperationNameGenerator : Generating unique operation named: getPageUsingGET_2
2019-10-24 09:31:33.627  INFO 22632 --- [main] .d.s.w.r.o.CachingOperationNameGenerator : Generating unique operation named: saveUsingPOST_2
2019-10-24 09:31:33.632  INFO 22632 --- [main] .d.s.w.r.o.CachingOperationNameGenerator : Generating unique operation named: updateUsingPUT_2
2019-10-24 09:31:33.822  INFO 22632 --- [main] o.s.b.w.embedded.tomcat.TomcatWebServer  : Tomcat started on port(s): 8088 (http) with context path ''
2019-10-24 09:31:33.826  INFO 22632 --- [main] com.feri.rbac.RbacApplication            : Started RbacApplication in 15.017 seconds (JVM running for 16.912)
2019-10-24 09:31:41.902  INFO 22632 --- [http-nio-8088-exec-1] o.a.c.c.C.[Tomcat].[localhost].[/]       : Initializing Spring DispatcherServlet 'dispatcherServlet'
2019-10-24 09:31:41.903  INFO 22632 --- [http-nio-8088-exec-1] o.s.web.servlet.DispatcherServlet        : Initializing Servlet 'dispatcherServlet'
2019-10-24 09:31:41.922  INFO 22632 --- [http-nio-8088-exec-1] o.s.web.servlet.DispatcherServlet        : Completed initialization in 19 ms
2019-10-24 09:35:08.276  INFO 13140 --- [main] com.feri.rbac.RbacApplication            : Starting RbacApplication on feri with PID 13140 (H:\Project\IdeProject2.0\CommonRbac\target\classes started by xing in H:\Project\IdeProject2.0\CommonRbac)
2019-10-24 09:35:08.279  INFO 13140 --- [main] com.feri.rbac.RbacApplication            : No active profile set, falling back to default profiles: default
2019-10-24 09:35:11.337  INFO 13140 --- [main] trationDelegate$BeanPostProcessorChecker : Bean 'org.apache.shiro.spring.boot.autoconfigure.ShiroBeanAutoConfiguration' of type [org.apache.shiro.spring.boot.autoconfigure.ShiroBeanAutoConfiguration$$EnhancerBySpringCGLIB$$617a3bce] is not eligible for getting processed by all BeanPostProcessors (for example: not eligible for auto-proxying)
2019-10-24 09:35:11.391  INFO 13140 --- [main] trationDelegate$BeanPostProcessorChecker : Bean 'org.apache.shiro.spring.boot.autoconfigure.ShiroAnnotationProcessorAutoConfiguration' of type [org.apache.shiro.spring.boot.autoconfigure.ShiroAnnotationProcessorAutoConfiguration$$EnhancerBySpringCGLIB$$640d7a73] is not eligible for getting processed by all BeanPostProcessors (for example: not eligible for auto-proxying)
2019-10-24 09:35:11.415  INFO 13140 --- [main] trationDelegate$BeanPostProcessorChecker : Bean 'shiroConfig' of type [com.feri.rbac.config.ShiroConfig$$EnhancerBySpringCGLIB$$d04dffb] is not eligible for getting processed by all BeanPostProcessors (for example: not eligible for auto-proxying)
2019-10-24 09:35:11.424  INFO 13140 --- [main] trationDelegate$BeanPostProcessorChecker : Bean 'org.springframework.transaction.annotation.ProxyTransactionManagementConfiguration' of type [org.springframework.transaction.annotation.ProxyTransactionManagementConfiguration] is not eligible for getting processed by all BeanPostProcessors (for example: not eligible for auto-proxying)
2019-10-24 09:35:11.433  INFO 13140 --- [main] trationDelegate$BeanPostProcessorChecker : Bean 'myRealm' of type [com.feri.rbac.shiro.MyRealm] is not eligible for getting processed by all BeanPostProcessors (for example: not eligible for auto-proxying)
2019-10-24 09:35:11.966  INFO 13140 --- [main] trationDelegate$BeanPostProcessorChecker : Bean 'createSM' of type [org.apache.shiro.web.mgt.DefaultWebSecurityManager] is not eligible for getting processed by all BeanPostProcessors (for example: not eligible for auto-proxying)
2019-10-24 09:35:11.977  INFO 13140 --- [main] trationDelegate$BeanPostProcessorChecker : Bean 'authorizationAttributeSourceAdvisor' of type [org.apache.shiro.spring.security.interceptor.AuthorizationAttributeSourceAdvisor] is not eligible for getting processed by all BeanPostProcessors (for example: not eligible for auto-proxying)
2019-10-24 09:35:12.007  INFO 13140 --- [main] trationDelegate$BeanPostProcessorChecker : Bean 'eventBus' of type [org.apache.shiro.event.support.DefaultEventBus] is not eligible for getting processed by all BeanPostProcessors (for example: not eligible for auto-proxying)
2019-10-24 09:35:12.883  INFO 13140 --- [main] o.s.b.w.embedded.tomcat.TomcatWebServer  : Tomcat initialized with port(s): 8088 (http)
2019-10-24 09:35:12.901  INFO 13140 --- [main] o.apache.catalina.core.StandardService   : Starting service [Tomcat]
2019-10-24 09:35:12.902  INFO 13140 --- [main] org.apache.catalina.core.StandardEngine  : Starting Servlet engine: [Apache Tomcat/9.0.27]
2019-10-24 09:35:13.096  INFO 13140 --- [main] o.a.c.c.C.[Tomcat].[localhost].[/]       : Initializing Spring embedded WebApplicationContext
2019-10-24 09:35:13.097  INFO 13140 --- [main] o.s.web.context.ContextLoader            : Root WebApplicationContext: initialization completed in 4660 ms
2019-10-24 09:35:14.442  INFO 13140 --- [main] com.alibaba.druid.pool.DruidDataSource   : {dataSource-1} inited
2019-10-24 09:35:16.484  INFO 13140 --- [main] pertySourcedRequestMappingHandlerMapping : Mapped URL path [/v2/api-docs] onto method [springfox.documentation.swagger2.web.Swagger2Controller#getDocumentation(String, HttpServletRequest)]
2019-10-24 09:35:16.819  INFO 13140 --- [main] o.s.s.concurrent.ThreadPoolTaskExecutor  : Initializing ExecutorService 'applicationTaskExecutor'
2019-10-24 09:35:16.919  INFO 13140 --- [main] o.s.b.a.w.s.WelcomePageHandlerMapping    : Adding welcome page: class path resource [static/index.html]
2019-10-24 09:35:17.207  INFO 13140 --- [main] d.s.w.p.DocumentationPluginsBootstrapper : Context refreshed
2019-10-24 09:35:17.332  INFO 13140 --- [main] d.s.w.p.DocumentationPluginsBootstrapper : Found 1 custom documentation plugin(s)
2019-10-24 09:35:17.456  INFO 13140 --- [main] s.d.s.w.s.ApiListingReferenceScanner     : Scanning for api listing references
2019-10-24 09:35:17.880  INFO 13140 --- [main] .d.s.w.r.o.CachingOperationNameGenerator : Generating unique operation named: allUsingGET_1
2019-10-24 09:35:17.883  INFO 13140 --- [main] .d.s.w.r.o.CachingOperationNameGenerator : Generating unique operation named: delUsingDELETE_1
2019-10-24 09:35:17.885  INFO 13140 --- [main] .d.s.w.r.o.CachingOperationNameGenerator : Generating unique operation named: getPageUsingGET_1
2019-10-24 09:35:17.890  INFO 13140 --- [main] .d.s.w.r.o.CachingOperationNameGenerator : Generating unique operation named: saveUsingPOST_1
2019-10-24 09:35:17.892  INFO 13140 --- [main] .d.s.w.r.o.CachingOperationNameGenerator : Generating unique operation named: updateUsingPUT_1
2019-10-24 09:35:17.896  INFO 13140 --- [main] .d.s.w.r.o.CachingOperationNameGenerator : Generating unique operation named: allUsingGET_2
2019-10-24 09:35:17.899  INFO 13140 --- [main] .d.s.w.r.o.CachingOperationNameGenerator : Generating unique operation named: delUsingDELETE_2
2019-10-24 09:35:17.901  INFO 13140 --- [main] .d.s.w.r.o.CachingOperationNameGenerator : Generating unique operation named: getPageUsingGET_2
2019-10-24 09:35:17.986  INFO 13140 --- [main] .d.s.w.r.o.CachingOperationNameGenerator : Generating unique operation named: saveUsingPOST_2
2019-10-24 09:35:17.991  INFO 13140 --- [main] .d.s.w.r.o.CachingOperationNameGenerator : Generating unique operation named: updateUsingPUT_2
2019-10-24 09:35:18.081  INFO 13140 --- [main] o.s.b.w.embedded.tomcat.TomcatWebServer  : Tomcat started on port(s): 8088 (http) with context path ''
2019-10-24 09:35:18.084  INFO 13140 --- [main] com.feri.rbac.RbacApplication            : Started RbacApplication in 10.826 seconds (JVM running for 12.456)
2019-10-24 09:35:20.426  INFO 13140 --- [http-nio-8088-exec-1] o.a.c.c.C.[Tomcat].[localhost].[/]       : Initializing Spring DispatcherServlet 'dispatcherServlet'
2019-10-24 09:35:20.426  INFO 13140 --- [http-nio-8088-exec-1] o.s.web.servlet.DispatcherServlet        : Initializing Servlet 'dispatcherServlet'
2019-10-24 09:35:20.438  INFO 13140 --- [http-nio-8088-exec-1] o.s.web.servlet.DispatcherServlet        : Completed initialization in 11 ms
2019-10-24 09:38:33.473  INFO 26504 --- [main] com.feri.rbac.RbacApplication            : Starting RbacApplication on feri with PID 26504 (H:\Project\IdeProject2.0\CommonRbac\target\classes started by xing in H:\Project\IdeProject2.0\CommonRbac)
2019-10-24 09:38:33.477  INFO 26504 --- [main] com.feri.rbac.RbacApplication            : No active profile set, falling back to default profiles: default
2019-10-24 09:38:35.720  INFO 26504 --- [main] trationDelegate$BeanPostProcessorChecker : Bean 'org.apache.shiro.spring.boot.autoconfigure.ShiroBeanAutoConfiguration' of type [org.apache.shiro.spring.boot.autoconfigure.ShiroBeanAutoConfiguration$$EnhancerBySpringCGLIB$$fff90a6e] is not eligible for getting processed by all BeanPostProcessors (for example: not eligible for auto-proxying)
2019-10-24 09:38:35.784  INFO 26504 --- [main] trationDelegate$BeanPostProcessorChecker : Bean 'org.apache.shiro.spring.boot.autoconfigure.ShiroAnnotationProcessorAutoConfiguration' of type [org.apache.shiro.spring.boot.autoconfigure.ShiroAnnotationProcessorAutoConfiguration$$EnhancerBySpringCGLIB$$28c4913] is not eligible for getting processed by all BeanPostProcessors (for example: not eligible for auto-proxying)
2019-10-24 09:38:35.821  INFO 26504 --- [main] trationDelegate$BeanPostProcessorChecker : Bean 'shiroConfig' of type [com.feri.rbac.config.ShiroConfig$$EnhancerBySpringCGLIB$$ab83ae9b] is not eligible for getting processed by all BeanPostProcessors (for example: not eligible for auto-proxying)
2019-10-24 09:38:35.830  INFO 26504 --- [main] trationDelegate$BeanPostProcessorChecker : Bean 'org.springframework.transaction.annotation.ProxyTransactionManagementConfiguration' of type [org.springframework.transaction.annotation.ProxyTransactionManagementConfiguration] is not eligible for getting processed by all BeanPostProcessors (for example: not eligible for auto-proxying)
2019-10-24 09:38:35.842  INFO 26504 --- [main] trationDelegate$BeanPostProcessorChecker : Bean 'myRealm' of type [com.feri.rbac.shiro.MyRealm] is not eligible for getting processed by all BeanPostProcessors (for example: not eligible for auto-proxying)
2019-10-24 09:38:36.441  INFO 26504 --- [main] trationDelegate$BeanPostProcessorChecker : Bean 'createSM' of type [org.apache.shiro.web.mgt.DefaultWebSecurityManager] is not eligible for getting processed by all BeanPostProcessors (for example: not eligible for auto-proxying)
2019-10-24 09:38:36.460  INFO 26504 --- [main] trationDelegate$BeanPostProcessorChecker : Bean 'authorizationAttributeSourceAdvisor' of type [org.apache.shiro.spring.security.interceptor.AuthorizationAttributeSourceAdvisor] is not eligible for getting processed by all BeanPostProcessors (for example: not eligible for auto-proxying)
2019-10-24 09:38:36.510  INFO 26504 --- [main] trationDelegate$BeanPostProcessorChecker : Bean 'eventBus' of type [org.apache.shiro.event.support.DefaultEventBus] is not eligible for getting processed by all BeanPostProcessors (for example: not eligible for auto-proxying)
2019-10-24 09:38:37.129  INFO 26504 --- [main] o.s.b.w.embedded.tomcat.TomcatWebServer  : Tomcat initialized with port(s): 8088 (http)
2019-10-24 09:38:37.143  INFO 26504 --- [main] o.apache.catalina.core.StandardService   : Starting service [Tomcat]
2019-10-24 09:38:37.144  INFO 26504 --- [main] org.apache.catalina.core.StandardEngine  : Starting Servlet engine: [Apache Tomcat/9.0.27]
2019-10-24 09:38:37.302  INFO 26504 --- [main] o.a.c.c.C.[Tomcat].[localhost].[/]       : Initializing Spring embedded WebApplicationContext
2019-10-24 09:38:37.302  INFO 26504 --- [main] o.s.web.context.ContextLoader            : Root WebApplicationContext: initialization completed in 3697 ms
2019-10-24 09:38:38.432  INFO 26504 --- [main] com.alibaba.druid.pool.DruidDataSource   : {dataSource-1} inited
2019-10-24 09:38:39.891  INFO 26504 --- [main] pertySourcedRequestMappingHandlerMapping : Mapped URL path [/v2/api-docs] onto method [springfox.documentation.swagger2.web.Swagger2Controller#getDocumentation(String, HttpServletRequest)]
2019-10-24 09:38:40.038  INFO 26504 --- [main] o.s.s.concurrent.ThreadPoolTaskExecutor  : Initializing ExecutorService 'applicationTaskExecutor'
2019-10-24 09:38:40.110  INFO 26504 --- [main] o.s.b.a.w.s.WelcomePageHandlerMapping    : Adding welcome page: class path resource [static/index.html]
2019-10-24 09:38:40.562  INFO 26504 --- [main] d.s.w.p.DocumentationPluginsBootstrapper : Context refreshed
2019-10-24 09:38:40.656  INFO 26504 --- [main] d.s.w.p.DocumentationPluginsBootstrapper : Found 1 custom documentation plugin(s)
2019-10-24 09:38:40.735  INFO 26504 --- [main] s.d.s.w.s.ApiListingReferenceScanner     : Scanning for api listing references
2019-10-24 09:38:41.220  INFO 26504 --- [main] .d.s.w.r.o.CachingOperationNameGenerator : Generating unique operation named: allUsingGET_1
2019-10-24 09:38:41.222  INFO 26504 --- [main] .d.s.w.r.o.CachingOperationNameGenerator : Generating unique operation named: delUsingDELETE_1
2019-10-24 09:38:41.224  INFO 26504 --- [main] .d.s.w.r.o.CachingOperationNameGenerator : Generating unique operation named: getPageUsingGET_1
2019-10-24 09:38:41.228  INFO 26504 --- [main] .d.s.w.r.o.CachingOperationNameGenerator : Generating unique operation named: saveUsingPOST_1
2019-10-24 09:38:41.230  INFO 26504 --- [main] .d.s.w.r.o.CachingOperationNameGenerator : Generating unique operation named: updateUsingPUT_1
2019-10-24 09:38:41.233  INFO 26504 --- [main] .d.s.w.r.o.CachingOperationNameGenerator : Generating unique operation named: allUsingGET_2
2019-10-24 09:38:41.235  INFO 26504 --- [main] .d.s.w.r.o.CachingOperationNameGenerator : Generating unique operation named: delUsingDELETE_2
2019-10-24 09:38:41.237  INFO 26504 --- [main] .d.s.w.r.o.CachingOperationNameGenerator : Generating unique operation named: getPageUsingGET_2
2019-10-24 09:38:41.270  INFO 26504 --- [main] .d.s.w.r.o.CachingOperationNameGenerator : Generating unique operation named: saveUsingPOST_2
2019-10-24 09:38:41.276  INFO 26504 --- [main] .d.s.w.r.o.CachingOperationNameGenerator : Generating unique operation named: updateUsingPUT_2
2019-10-24 09:38:41.329  INFO 26504 --- [main] o.s.b.w.embedded.tomcat.TomcatWebServer  : Tomcat started on port(s): 8088 (http) with context path ''
2019-10-24 09:38:41.332  INFO 26504 --- [main] com.feri.rbac.RbacApplication            : Started RbacApplication in 8.77 seconds (JVM running for 9.766)
2019-10-24 09:38:46.012  INFO 26504 --- [http-nio-8088-exec-1] o.a.c.c.C.[Tomcat].[localhost].[/]       : Initializing Spring DispatcherServlet 'dispatcherServlet'
2019-10-24 09:38:46.013  INFO 26504 --- [http-nio-8088-exec-1] o.s.web.servlet.DispatcherServlet        : Initializing Servlet 'dispatcherServlet'
2019-10-24 09:38:46.070  INFO 26504 --- [http-nio-8088-exec-1] o.s.web.servlet.DispatcherServlet        : Completed initialization in 28 ms
2019-10-24 10:11:31.378  INFO 12180 --- [main] com.feri.rbac.RbacApplication            : Starting RbacApplication on feri with PID 12180 (H:\Project\IdeProject2.0\CommonRbac\target\classes started by xing in H:\Project\IdeProject2.0\CommonRbac)
2019-10-24 10:11:31.393  INFO 12180 --- [main] com.feri.rbac.RbacApplication            : No active profile set, falling back to default profiles: default
2019-10-24 10:11:35.649  INFO 12180 --- [main] trationDelegate$BeanPostProcessorChecker : Bean 'org.apache.shiro.spring.boot.autoconfigure.ShiroBeanAutoConfiguration' of type [org.apache.shiro.spring.boot.autoconfigure.ShiroBeanAutoConfiguration$$EnhancerBySpringCGLIB$$480536f6] is not eligible for getting processed by all BeanPostProcessors (for example: not eligible for auto-proxying)
2019-10-24 10:11:35.705  INFO 12180 --- [main] trationDelegate$BeanPostProcessorChecker : Bean 'org.apache.shiro.spring.boot.autoconfigure.ShiroAnnotationProcessorAutoConfiguration' of type [org.apache.shiro.spring.boot.autoconfigure.ShiroAnnotationProcessorAutoConfiguration$$EnhancerBySpringCGLIB$$4a98759b] is not eligible for getting processed by all BeanPostProcessors (for example: not eligible for auto-proxying)
2019-10-24 10:11:35.749  INFO 12180 --- [main] trationDelegate$BeanPostProcessorChecker : Bean 'shiroConfig' of type [com.feri.rbac.config.ShiroConfig$$EnhancerBySpringCGLIB$$f38fdb23] is not eligible for getting processed by all BeanPostProcessors (for example: not eligible for auto-proxying)
2019-10-24 10:11:35.760  INFO 12180 --- [main] trationDelegate$BeanPostProcessorChecker : Bean 'org.springframework.transaction.annotation.ProxyTransactionManagementConfiguration' of type [org.springframework.transaction.annotation.ProxyTransactionManagementConfiguration] is not eligible for getting processed by all BeanPostProcessors (for example: not eligible for auto-proxying)
2019-10-24 10:11:35.837  INFO 12180 --- [main] trationDelegate$BeanPostProcessorChecker : Bean 'mybatis-plus-com.baomidou.mybatisplus.autoconfigure.MybatisPlusProperties' of type [com.baomidou.mybatisplus.autoconfigure.MybatisPlusProperties] is not eligible for getting processed by all BeanPostProcessors (for example: not eligible for auto-proxying)
2019-10-24 10:11:35.842  INFO 12180 --- [main] trationDelegate$BeanPostProcessorChecker : Bean 'rbacApplication' of type [com.feri.rbac.RbacApplication$$EnhancerBySpringCGLIB$$784caab8] is not eligible for getting processed by all BeanPostProcessors (for example: not eligible for auto-proxying)
2019-10-24 10:11:35.870  INFO 12180 --- [main] trationDelegate$BeanPostProcessorChecker : Bean 'paginationInterceptor' of type [com.baomidou.mybatisplus.extension.plugins.PaginationInterceptor] is not eligible for getting processed by all BeanPostProcessors (for example: not eligible for auto-proxying)
2019-10-24 10:11:35.876  INFO 12180 --- [main] trationDelegate$BeanPostProcessorChecker : Bean 'com.baomidou.mybatisplus.autoconfigure.MybatisPlusAutoConfiguration' of type [com.baomidou.mybatisplus.autoconfigure.MybatisPlusAutoConfiguration$$EnhancerBySpringCGLIB$$72b4c5e0] is not eligible for getting processed by all BeanPostProcessors (for example: not eligible for auto-proxying)
2019-10-24 10:11:35.878  INFO 12180 --- [main] trationDelegate$BeanPostProcessorChecker : Bean 'org.springframework.boot.autoconfigure.jdbc.DataSourceConfiguration$Generic' of type [org.springframework.boot.autoconfigure.jdbc.DataSourceConfiguration$Generic] is not eligible for getting processed by all BeanPostProcessors (for example: not eligible for auto-proxying)
2019-10-24 10:11:35.908  INFO 12180 --- [main] trationDelegate$BeanPostProcessorChecker : Bean 'spring.datasource-org.springframework.boot.autoconfigure.jdbc.DataSourceProperties' of type [org.springframework.boot.autoconfigure.jdbc.DataSourceProperties] is not eligible for getting processed by all BeanPostProcessors (for example: not eligible for auto-proxying)
2019-10-24 10:11:36.146  INFO 12180 --- [main] trationDelegate$BeanPostProcessorChecker : Bean 'dataSource' of type [com.alibaba.druid.pool.DruidDataSource] is not eligible for getting processed by all BeanPostProcessors (for example: not eligible for auto-proxying)
2019-10-24 10:11:36.164  INFO 12180 --- [main] trationDelegate$BeanPostProcessorChecker : Bean 'org.springframework.boot.autoconfigure.jdbc.DataSourceInitializerInvoker' of type [org.springframework.boot.autoconfigure.jdbc.DataSourceInitializerInvoker] is not eligible for getting processed by all BeanPostProcessors (for example: not eligible for auto-proxying)
2019-10-24 10:11:36.612  INFO 12180 --- [main] com.alibaba.druid.pool.DruidDataSource   : {dataSource-1} inited
2019-10-24 10:11:37.049  INFO 12180 --- [main] trationDelegate$BeanPostProcessorChecker : Bean 'sqlSessionFactory' of type [org.apache.ibatis.session.defaults.DefaultSqlSessionFactory] is not eligible for getting processed by all BeanPostProcessors (for example: not eligible for auto-proxying)
2019-10-24 10:11:37.061  INFO 12180 --- [main] trationDelegate$BeanPostProcessorChecker : Bean 'sqlSessionTemplate' of type [org.mybatis.spring.SqlSessionTemplate] is not eligible for getting processed by all BeanPostProcessors (for example: not eligible for auto-proxying)
2019-10-24 10:11:37.677  INFO 12180 --- [main] trationDelegate$BeanPostProcessorChecker : Bean 'userDao' of type [org.mybatis.spring.mapper.MapperFactoryBean] is not eligible for getting processed by all BeanPostProcessors (for example: not eligible for auto-proxying)
2019-10-24 10:11:37.680  INFO 12180 --- [main] trationDelegate$BeanPostProcessorChecker : Bean 'userDao' of type [com.sun.proxy.$Proxy75] is not eligible for getting processed by all BeanPostProcessors (for example: not eligible for auto-proxying)
2019-10-24 10:11:37.682  INFO 12180 --- [main] trationDelegate$BeanPostProcessorChecker : Bean 'myRealm' of type [com.feri.rbac.shiro.MyRealm] is not eligible for getting processed by all BeanPostProcessors (for example: not eligible for auto-proxying)
2019-10-24 10:11:38.401  INFO 12180 --- [main] trationDelegate$BeanPostProcessorChecker : Bean 'createSM' of type [org.apache.shiro.web.mgt.DefaultWebSecurityManager] is not eligible for getting processed by all BeanPostProcessors (for example: not eligible for auto-proxying)
2019-10-24 10:11:38.415  INFO 12180 --- [main] trationDelegate$BeanPostProcessorChecker : Bean 'authorizationAttributeSourceAdvisor' of type [org.apache.shiro.spring.security.interceptor.AuthorizationAttributeSourceAdvisor] is not eligible for getting processed by all BeanPostProcessors (for example: not eligible for auto-proxying)
2019-10-24 10:11:38.476  INFO 12180 --- [main] trationDelegate$BeanPostProcessorChecker : Bean 'eventBus' of type [org.apache.shiro.event.support.DefaultEventBus] is not eligible for getting processed by all BeanPostProcessors (for example: not eligible for auto-proxying)
2019-10-24 10:11:39.306  INFO 12180 --- [main] o.s.b.w.embedded.tomcat.TomcatWebServer  : Tomcat initialized with port(s): 8088 (http)
2019-10-24 10:11:39.342  INFO 12180 --- [main] o.apache.catalina.core.StandardService   : Starting service [Tomcat]
2019-10-24 10:11:39.343  INFO 12180 --- [main] org.apache.catalina.core.StandardEngine  : Starting Servlet engine: [Apache Tomcat/9.0.27]
2019-10-24 10:11:39.635  INFO 12180 --- [main] o.a.c.c.C.[Tomcat].[localhost].[/]       : Initializing Spring embedded WebApplicationContext
2019-10-24 10:11:39.635  INFO 12180 --- [main] o.s.web.context.ContextLoader            : Root WebApplicationContext: initialization completed in 8018 ms
2019-10-24 10:11:43.107  INFO 12180 --- [main] pertySourcedRequestMappingHandlerMapping : Mapped URL path [/v2/api-docs] onto method [springfox.documentation.swagger2.web.Swagger2Controller#getDocumentation(String, HttpServletRequest)]
2019-10-24 10:11:43.434  INFO 12180 --- [main] o.s.s.concurrent.ThreadPoolTaskExecutor  : Initializing ExecutorService 'applicationTaskExecutor'
2019-10-24 10:11:43.590  INFO 12180 --- [main] o.s.b.a.w.s.WelcomePageHandlerMapping    : Adding welcome page: class path resource [static/index.html]
2019-10-24 10:11:44.082  INFO 12180 --- [main] d.s.w.p.DocumentationPluginsBootstrapper : Context refreshed
2019-10-24 10:11:44.152  INFO 12180 --- [main] d.s.w.p.DocumentationPluginsBootstrapper : Found 1 custom documentation plugin(s)
2019-10-24 10:11:44.246  INFO 12180 --- [main] s.d.s.w.s.ApiListingReferenceScanner     : Scanning for api listing references
2019-10-24 10:11:44.575  INFO 12180 --- [main] .d.s.w.r.o.CachingOperationNameGenerator : Generating unique operation named: allUsingGET_1
2019-10-24 10:11:44.577  INFO 12180 --- [main] .d.s.w.r.o.CachingOperationNameGenerator : Generating unique operation named: delUsingDELETE_1
2019-10-24 10:11:44.579  INFO 12180 --- [main] .d.s.w.r.o.CachingOperationNameGenerator : Generating unique operation named: getPageUsingGET_1
2019-10-24 10:11:44.628  INFO 12180 --- [main] .d.s.w.r.o.CachingOperationNameGenerator : Generating unique operation named: saveUsingPOST_1
2019-10-24 10:11:44.633  INFO 12180 --- [main] .d.s.w.r.o.CachingOperationNameGenerator : Generating unique operation named: updateUsingPUT_1
2019-10-24 10:11:44.638  INFO 12180 --- [main] .d.s.w.r.o.CachingOperationNameGenerator : Generating unique operation named: allUsingGET_2
2019-10-24 10:11:44.640  INFO 12180 --- [main] .d.s.w.r.o.CachingOperationNameGenerator : Generating unique operation named: delUsingDELETE_2
2019-10-24 10:11:44.641  INFO 12180 --- [main] .d.s.w.r.o.CachingOperationNameGenerator : Generating unique operation named: getPageUsingGET_2
2019-10-24 10:11:44.684  INFO 12180 --- [main] .d.s.w.r.o.CachingOperationNameGenerator : Generating unique operation named: saveUsingPOST_2
2019-10-24 10:11:44.688  INFO 12180 --- [main] .d.s.w.r.o.CachingOperationNameGenerator : Generating unique operation named: updateUsingPUT_2
2019-10-24 10:11:44.782  INFO 12180 --- [main] o.s.b.w.embedded.tomcat.TomcatWebServer  : Tomcat started on port(s): 8088 (http) with context path ''
2019-10-24 10:11:44.836  INFO 12180 --- [main] com.feri.rbac.RbacApplication            : Started RbacApplication in 14.524 seconds (JVM running for 15.55)
2019-10-24 10:11:45.079  INFO 12180 --- [http-nio-8088-exec-10] o.a.c.c.C.[Tomcat].[localhost].[/]       : Initializing Spring DispatcherServlet 'dispatcherServlet'
2019-10-24 10:11:45.080  INFO 12180 --- [http-nio-8088-exec-10] o.s.web.servlet.DispatcherServlet        : Initializing Servlet 'dispatcherServlet'
2019-10-24 10:11:45.094  INFO 12180 --- [http-nio-8088-exec-10] o.s.web.servlet.DispatcherServlet        : Completed initialization in 14 ms
2019-10-24 10:19:11.841  INFO 23412 --- [main] com.feri.rbac.RbacApplication            : Starting RbacApplication on feri with PID 23412 (H:\Project\IdeProject2.0\CommonRbac\target\classes started by xing in H:\Project\IdeProject2.0\CommonRbac)
2019-10-24 10:19:11.845  INFO 23412 --- [main] com.feri.rbac.RbacApplication            : No active profile set, falling back to default profiles: default
2019-10-24 10:19:14.645  INFO 23412 --- [main] trationDelegate$BeanPostProcessorChecker : Bean 'org.apache.shiro.spring.boot.autoconfigure.ShiroBeanAutoConfiguration' of type [org.apache.shiro.spring.boot.autoconfigure.ShiroBeanAutoConfiguration$$EnhancerBySpringCGLIB$$ca37118a] is not eligible for getting processed by all BeanPostProcessors (for example: not eligible for auto-proxying)
2019-10-24 10:19:14.702  INFO 23412 --- [main] trationDelegate$BeanPostProcessorChecker : Bean 'org.apache.shiro.spring.boot.autoconfigure.ShiroAnnotationProcessorAutoConfiguration' of type [org.apache.shiro.spring.boot.autoconfigure.ShiroAnnotationProcessorAutoConfiguration$$EnhancerBySpringCGLIB$$ccca502f] is not eligible for getting processed by all BeanPostProcessors (for example: not eligible for auto-proxying)
2019-10-24 10:19:14.736  INFO 23412 --- [main] trationDelegate$BeanPostProcessorChecker : Bean 'shiroConfig' of type [com.feri.rbac.config.ShiroConfig$$EnhancerBySpringCGLIB$$75c1b5b7] is not eligible for getting processed by all BeanPostProcessors (for example: not eligible for auto-proxying)
2019-10-24 10:19:14.752  INFO 23412 --- [main] trationDelegate$BeanPostProcessorChecker : Bean 'org.springframework.transaction.annotation.ProxyTransactionManagementConfiguration' of type [org.springframework.transaction.annotation.ProxyTransactionManagementConfiguration] is not eligible for getting processed by all BeanPostProcessors (for example: not eligible for auto-proxying)
2019-10-24 10:19:14.858  INFO 23412 --- [main] trationDelegate$BeanPostProcessorChecker : Bean 'mybatis-plus-com.baomidou.mybatisplus.autoconfigure.MybatisPlusProperties' of type [com.baomidou.mybatisplus.autoconfigure.MybatisPlusProperties] is not eligible for getting processed by all BeanPostProcessors (for example: not eligible for auto-proxying)
2019-10-24 10:19:14.866  INFO 23412 --- [main] trationDelegate$BeanPostProcessorChecker : Bean 'rbacApplication' of type [com.feri.rbac.RbacApplication$$EnhancerBySpringCGLIB$$fa7e854c] is not eligible for getting processed by all BeanPostProcessors (for example: not eligible for auto-proxying)
2019-10-24 10:19:14.886  INFO 23412 --- [main] trationDelegate$BeanPostProcessorChecker : Bean 'paginationInterceptor' of type [com.baomidou.mybatisplus.extension.plugins.PaginationInterceptor] is not eligible for getting processed by all BeanPostProcessors (for example: not eligible for auto-proxying)
2019-10-24 10:19:14.907  INFO 23412 --- [main] trationDelegate$BeanPostProcessorChecker : Bean 'com.baomidou.mybatisplus.autoconfigure.MybatisPlusAutoConfiguration' of type [com.baomidou.mybatisplus.autoconfigure.MybatisPlusAutoConfiguration$$EnhancerBySpringCGLIB$$f4e6a074] is not eligible for getting processed by all BeanPostProcessors (for example: not eligible for auto-proxying)
2019-10-24 10:19:14.908  INFO 23412 --- [main] trationDelegate$BeanPostProcessorChecker : Bean 'org.springframework.boot.autoconfigure.jdbc.DataSourceConfiguration$Generic' of type [org.springframework.boot.autoconfigure.jdbc.DataSourceConfiguration$Generic] is not eligible for getting processed by all BeanPostProcessors (for example: not eligible for auto-proxying)
2019-10-24 10:19:14.985  INFO 23412 --- [main] trationDelegate$BeanPostProcessorChecker : Bean 'spring.datasource-org.springframework.boot.autoconfigure.jdbc.DataSourceProperties' of type [org.springframework.boot.autoconfigure.jdbc.DataSourceProperties] is not eligible for getting processed by all BeanPostProcessors (for example: not eligible for auto-proxying)
2019-10-24 10:19:15.188  INFO 23412 --- [main] trationDelegate$BeanPostProcessorChecker : Bean 'dataSource' of type [com.alibaba.druid.pool.DruidDataSource] is not eligible for getting processed by all BeanPostProcessors (for example: not eligible for auto-proxying)
2019-10-24 10:19:15.213  INFO 23412 --- [main] trationDelegate$BeanPostProcessorChecker : Bean 'org.springframework.boot.autoconfigure.jdbc.DataSourceInitializerInvoker' of type [org.springframework.boot.autoconfigure.jdbc.DataSourceInitializerInvoker] is not eligible for getting processed by all BeanPostProcessors (for example: not eligible for auto-proxying)
2019-10-24 10:19:15.548  INFO 23412 --- [main] com.alibaba.druid.pool.DruidDataSource   : {dataSource-1} inited
2019-10-24 10:19:15.770  INFO 23412 --- [main] trationDelegate$BeanPostProcessorChecker : Bean 'sqlSessionFactory' of type [org.apache.ibatis.session.defaults.DefaultSqlSessionFactory] is not eligible for getting processed by all BeanPostProcessors (for example: not eligible for auto-proxying)
2019-10-24 10:19:15.777  INFO 23412 --- [main] trationDelegate$BeanPostProcessorChecker : Bean 'sqlSessionTemplate' of type [org.mybatis.spring.SqlSessionTemplate] is not eligible for getting processed by all BeanPostProcessors (for example: not eligible for auto-proxying)
2019-10-24 10:19:16.160  INFO 23412 --- [main] trationDelegate$BeanPostProcessorChecker : Bean 'userDao' of type [org.mybatis.spring.mapper.MapperFactoryBean] is not eligible for getting processed by all BeanPostProcessors (for example: not eligible for auto-proxying)
2019-10-24 10:19:16.164  INFO 23412 --- [main] trationDelegate$BeanPostProcessorChecker : Bean 'userDao' of type [com.sun.proxy.$Proxy75] is not eligible for getting processed by all BeanPostProcessors (for example: not eligible for auto-proxying)
2019-10-24 10:19:16.166  INFO 23412 --- [main] trationDelegate$BeanPostProcessorChecker : Bean 'myRealm' of type [com.feri.rbac.shiro.MyRealm] is not eligible for getting processed by all BeanPostProcessors (for example: not eligible for auto-proxying)
2019-10-24 10:19:16.662  INFO 23412 --- [main] trationDelegate$BeanPostProcessorChecker : Bean 'createSM' of type [org.apache.shiro.web.mgt.DefaultWebSecurityManager] is not eligible for getting processed by all BeanPostProcessors (for example: not eligible for auto-proxying)
2019-10-24 10:19:16.671  INFO 23412 --- [main] trationDelegate$BeanPostProcessorChecker : Bean 'authorizationAttributeSourceAdvisor' of type [org.apache.shiro.spring.security.interceptor.AuthorizationAttributeSourceAdvisor] is not eligible for getting processed by all BeanPostProcessors (for example: not eligible for auto-proxying)
2019-10-24 10:19:16.716  INFO 23412 --- [main] trationDelegate$BeanPostProcessorChecker : Bean 'eventBus' of type [org.apache.shiro.event.support.DefaultEventBus] is not eligible for getting processed by all BeanPostProcessors (for example: not eligible for auto-proxying)
2019-10-24 10:19:17.372  INFO 23412 --- [main] o.s.b.w.embedded.tomcat.TomcatWebServer  : Tomcat initialized with port(s): 8088 (http)
2019-10-24 10:19:17.391  INFO 23412 --- [main] o.apache.catalina.core.StandardService   : Starting service [Tomcat]
2019-10-24 10:19:17.391  INFO 23412 --- [main] org.apache.catalina.core.StandardEngine  : Starting Servlet engine: [Apache Tomcat/9.0.27]
2019-10-24 10:19:17.553  INFO 23412 --- [main] o.a.c.c.C.[Tomcat].[localhost].[/]       : Initializing Spring embedded WebApplicationContext
2019-10-24 10:19:17.553  INFO 23412 --- [main] o.s.web.context.ContextLoader            : Root WebApplicationContext: initialization completed in 5465 ms
2019-10-24 10:19:18.781  INFO 23412 --- [main] pertySourcedRequestMappingHandlerMapping : Mapped URL path [/v2/api-docs] onto method [springfox.documentation.swagger2.web.Swagger2Controller#getDocumentation(String, HttpServletRequest)]
2019-10-24 10:19:19.001  INFO 23412 --- [main] o.s.s.concurrent.ThreadPoolTaskExecutor  : Initializing ExecutorService 'applicationTaskExecutor'
2019-10-24 10:19:19.136  INFO 23412 --- [main] o.s.b.a.w.s.WelcomePageHandlerMapping    : Adding welcome page: class path resource [static/index.html]
2019-10-24 10:19:19.339  INFO 23412 --- [main] d.s.w.p.DocumentationPluginsBootstrapper : Context refreshed
2019-10-24 10:19:19.367  INFO 23412 --- [main] d.s.w.p.DocumentationPluginsBootstrapper : Found 1 custom documentation plugin(s)
2019-10-24 10:19:19.416  INFO 23412 --- [main] s.d.s.w.s.ApiListingReferenceScanner     : Scanning for api listing references
2019-10-24 10:19:19.585  INFO 23412 --- [main] .d.s.w.r.o.CachingOperationNameGenerator : Generating unique operation named: allUsingGET_1
2019-10-24 10:19:19.587  INFO 23412 --- [main] .d.s.w.r.o.CachingOperationNameGenerator : Generating unique operation named: delUsingDELETE_1
2019-10-24 10:19:19.590  INFO 23412 --- [main] .d.s.w.r.o.CachingOperationNameGenerator : Generating unique operation named: getPageUsingGET_1
2019-10-24 10:19:19.593  INFO 23412 --- [main] .d.s.w.r.o.CachingOperationNameGenerator : Generating unique operation named: saveUsingPOST_1
2019-10-24 10:19:19.595  INFO 23412 --- [main] .d.s.w.r.o.CachingOperationNameGenerator : Generating unique operation named: updateUsingPUT_1
2019-10-24 10:19:19.606  INFO 23412 --- [main] .d.s.w.r.o.CachingOperationNameGenerator : Generating unique operation named: allUsingGET_2
2019-10-24 10:19:19.608  INFO 23412 --- [main] .d.s.w.r.o.CachingOperationNameGenerator : Generating unique operation named: delUsingDELETE_2
2019-10-24 10:19:19.612  INFO 23412 --- [main] .d.s.w.r.o.CachingOperationNameGenerator : Generating unique operation named: getPageUsingGET_2
2019-10-24 10:19:19.641  INFO 23412 --- [main] .d.s.w.r.o.CachingOperationNameGenerator : Generating unique operation named: saveUsingPOST_2
2019-10-24 10:19:19.642  INFO 23412 --- [main] .d.s.w.r.o.CachingOperationNameGenerator : Generating unique operation named: updateUsingPUT_2
2019-10-24 10:19:19.699  INFO 23412 --- [main] o.s.b.w.embedded.tomcat.TomcatWebServer  : Tomcat started on port(s): 8088 (http) with context path ''
2019-10-24 10:19:19.702  INFO 23412 --- [main] com.feri.rbac.RbacApplication            : Started RbacApplication in 8.692 seconds (JVM running for 9.558)
2019-10-24 10:19:28.364  INFO 23412 --- [http-nio-8088-exec-1] o.a.c.c.C.[Tomcat].[localhost].[/]       : Initializing Spring DispatcherServlet 'dispatcherServlet'
2019-10-24 10:19:28.364  INFO 23412 --- [http-nio-8088-exec-1] o.s.web.servlet.DispatcherServlet        : Initializing Servlet 'dispatcherServlet'
2019-10-24 10:19:28.381  INFO 23412 --- [http-nio-8088-exec-1] o.s.web.servlet.DispatcherServlet        : Completed initialization in 17 ms
2019-10-24 10:21:22.564  INFO 8248 --- [main] com.feri.rbac.RbacApplication            : Starting RbacApplication on feri with PID 8248 (H:\Project\IdeProject2.0\CommonRbac\target\classes started by xing in H:\Project\IdeProject2.0\CommonRbac)
2019-10-24 10:21:22.570  INFO 8248 --- [main] com.feri.rbac.RbacApplication            : No active profile set, falling back to default profiles: default
2019-10-24 10:21:24.812  INFO 8248 --- [main] trationDelegate$BeanPostProcessorChecker : Bean 'org.apache.shiro.spring.boot.autoconfigure.ShiroBeanAutoConfiguration' of type [org.apache.shiro.spring.boot.autoconfigure.ShiroBeanAutoConfiguration$$EnhancerBySpringCGLIB$$4182097b] is not eligible for getting processed by all BeanPostProcessors (for example: not eligible for auto-proxying)
2019-10-24 10:21:24.856  INFO 8248 --- [main] trationDelegate$BeanPostProcessorChecker : Bean 'org.apache.shiro.spring.boot.autoconfigure.ShiroAnnotationProcessorAutoConfiguration' of type [org.apache.shiro.spring.boot.autoconfigure.ShiroAnnotationProcessorAutoConfiguration$$EnhancerBySpringCGLIB$$44154820] is not eligible for getting processed by all BeanPostProcessors (for example: not eligible for auto-proxying)
2019-10-24 10:21:24.880  INFO 8248 --- [main] trationDelegate$BeanPostProcessorChecker : Bean 'shiroConfig' of type [com.feri.rbac.config.ShiroConfig$$EnhancerBySpringCGLIB$$ed0cada8] is not eligible for getting processed by all BeanPostProcessors (for example: not eligible for auto-proxying)
2019-10-24 10:21:24.889  INFO 8248 --- [main] trationDelegate$BeanPostProcessorChecker : Bean 'org.springframework.transaction.annotation.ProxyTransactionManagementConfiguration' of type [org.springframework.transaction.annotation.ProxyTransactionManagementConfiguration] is not eligible for getting processed by all BeanPostProcessors (for example: not eligible for auto-proxying)
2019-10-24 10:21:24.972  INFO 8248 --- [main] trationDelegate$BeanPostProcessorChecker : Bean 'mybatis-plus-com.baomidou.mybatisplus.autoconfigure.MybatisPlusProperties' of type [com.baomidou.mybatisplus.autoconfigure.MybatisPlusProperties] is not eligible for getting processed by all BeanPostProcessors (for example: not eligible for auto-proxying)
2019-10-24 10:21:24.977  INFO 8248 --- [main] trationDelegate$BeanPostProcessorChecker : Bean 'rbacApplication' of type [com.feri.rbac.RbacApplication$$EnhancerBySpringCGLIB$$71c97d3d] is not eligible for getting processed by all BeanPostProcessors (for example: not eligible for auto-proxying)
2019-10-24 10:21:24.983  INFO 8248 --- [main] trationDelegate$BeanPostProcessorChecker : Bean 'paginationInterceptor' of type [com.baomidou.mybatisplus.extension.plugins.PaginationInterceptor] is not eligible for getting processed by all BeanPostProcessors (for example: not eligible for auto-proxying)
2019-10-24 10:21:24.988  INFO 8248 --- [main] trationDelegate$BeanPostProcessorChecker : Bean 'com.baomidou.mybatisplus.autoconfigure.MybatisPlusAutoConfiguration' of type [com.baomidou.mybatisplus.autoconfigure.MybatisPlusAutoConfiguration$$EnhancerBySpringCGLIB$$6c319865] is not eligible for getting processed by all BeanPostProcessors (for example: not eligible for auto-proxying)
2019-10-24 10:21:24.989  INFO 8248 --- [main] trationDelegate$BeanPostProcessorChecker : Bean 'org.springframework.boot.autoconfigure.jdbc.DataSourceConfiguration$Generic' of type [org.springframework.boot.autoconfigure.jdbc.DataSourceConfiguration$Generic] is not eligible for getting processed by all BeanPostProcessors (for example: not eligible for auto-proxying)
2019-10-24 10:21:25.060  INFO 8248 --- [main] trationDelegate$BeanPostProcessorChecker : Bean 'spring.datasource-org.springframework.boot.autoconfigure.jdbc.DataSourceProperties' of type [org.springframework.boot.autoconfigure.jdbc.DataSourceProperties] is not eligible for getting processed by all BeanPostProcessors (for example: not eligible for auto-proxying)
2019-10-24 10:21:25.277  INFO 8248 --- [main] trationDelegate$BeanPostProcessorChecker : Bean 'dataSource' of type [com.alibaba.druid.pool.DruidDataSource] is not eligible for getting processed by all BeanPostProcessors (for example: not eligible for auto-proxying)
2019-10-24 10:21:25.378  INFO 8248 --- [main] trationDelegate$BeanPostProcessorChecker : Bean 'org.springframework.boot.autoconfigure.jdbc.DataSourceInitializerInvoker' of type [org.springframework.boot.autoconfigure.jdbc.DataSourceInitializerInvoker] is not eligible for getting processed by all BeanPostProcessors (for example: not eligible for auto-proxying)
2019-10-24 10:21:25.876  INFO 8248 --- [main] com.alibaba.druid.pool.DruidDataSource   : {dataSource-1} inited
2019-10-24 10:21:26.133  INFO 8248 --- [main] trationDelegate$BeanPostProcessorChecker : Bean 'sqlSessionFactory' of type [org.apache.ibatis.session.defaults.DefaultSqlSessionFactory] is not eligible for getting processed by all BeanPostProcessors (for example: not eligible for auto-proxying)
2019-10-24 10:21:26.142  INFO 8248 --- [main] trationDelegate$BeanPostProcessorChecker : Bean 'sqlSessionTemplate' of type [org.mybatis.spring.SqlSessionTemplate] is not eligible for getting processed by all BeanPostProcessors (for example: not eligible for auto-proxying)
2019-10-24 10:21:27.058  INFO 8248 --- [main] trationDelegate$BeanPostProcessorChecker : Bean 'userDao' of type [org.mybatis.spring.mapper.MapperFactoryBean] is not eligible for getting processed by all BeanPostProcessors (for example: not eligible for auto-proxying)
2019-10-24 10:21:27.062  INFO 8248 --- [main] trationDelegate$BeanPostProcessorChecker : Bean 'userDao' of type [com.sun.proxy.$Proxy75] is not eligible for getting processed by all BeanPostProcessors (for example: not eligible for auto-proxying)
2019-10-24 10:21:27.064  INFO 8248 --- [main] trationDelegate$BeanPostProcessorChecker : Bean 'myRealm' of type [com.feri.rbac.shiro.MyRealm] is not eligible for getting processed by all BeanPostProcessors (for example: not eligible for auto-proxying)
2019-10-24 10:21:28.049  INFO 8248 --- [main] trationDelegate$BeanPostProcessorChecker : Bean 'createSM' of type [org.apache.shiro.web.mgt.DefaultWebSecurityManager] is not eligible for getting processed by all BeanPostProcessors (for example: not eligible for auto-proxying)
2019-10-24 10:21:28.062  INFO 8248 --- [main] trationDelegate$BeanPostProcessorChecker : Bean 'authorizationAttributeSourceAdvisor' of type [org.apache.shiro.spring.security.interceptor.AuthorizationAttributeSourceAdvisor] is not eligible for getting processed by all BeanPostProcessors (for example: not eligible for auto-proxying)
2019-10-24 10:21:28.152  INFO 8248 --- [main] trationDelegate$BeanPostProcessorChecker : Bean 'eventBus' of type [org.apache.shiro.event.support.DefaultEventBus] is not eligible for getting processed by all BeanPostProcessors (for example: not eligible for auto-proxying)
2019-10-24 10:21:29.683  INFO 8248 --- [main] o.s.b.w.embedded.tomcat.TomcatWebServer  : Tomcat initialized with port(s): 8088 (http)
2019-10-24 10:21:29.726  INFO 8248 --- [main] o.apache.catalina.core.StandardService   : Starting service [Tomcat]
2019-10-24 10:21:29.726  INFO 8248 --- [main] org.apache.catalina.core.StandardEngine  : Starting Servlet engine: [Apache Tomcat/9.0.27]
2019-10-24 10:21:30.034  INFO 8248 --- [main] o.a.c.c.C.[Tomcat].[localhost].[/]       : Initializing Spring embedded WebApplicationContext
2019-10-24 10:21:30.035  INFO 8248 --- [main] o.s.web.context.ContextLoader            : Root WebApplicationContext: initialization completed in 7323 ms
2019-10-24 10:21:31.519  INFO 8248 --- [main] pertySourcedRequestMappingHandlerMapping : Mapped URL path [/v2/api-docs] onto method [springfox.documentation.swagger2.web.Swagger2Controller#getDocumentation(String, HttpServletRequest)]
2019-10-24 10:21:32.005  INFO 8248 --- [main] o.s.s.concurrent.ThreadPoolTaskExecutor  : Initializing ExecutorService 'applicationTaskExecutor'
2019-10-24 10:21:32.322  INFO 8248 --- [main] o.s.b.a.w.s.WelcomePageHandlerMapping    : Adding welcome page: class path resource [static/index.html]
2019-10-24 10:21:32.812  INFO 8248 --- [main] d.s.w.p.DocumentationPluginsBootstrapper : Context refreshed
2019-10-24 10:21:32.846  INFO 8248 --- [main] d.s.w.p.DocumentationPluginsBootstrapper : Found 1 custom documentation plugin(s)
2019-10-24 10:21:32.941  INFO 8248 --- [main] s.d.s.w.s.ApiListingReferenceScanner     : Scanning for api listing references
2019-10-24 10:21:33.311  INFO 8248 --- [main] .d.s.w.r.o.CachingOperationNameGenerator : Generating unique operation named: allUsingGET_1
2019-10-24 10:21:33.314  INFO 8248 --- [main] .d.s.w.r.o.CachingOperationNameGenerator : Generating unique operation named: delUsingDELETE_1
2019-10-24 10:21:33.360  INFO 8248 --- [main] .d.s.w.r.o.CachingOperationNameGenerator : Generating unique operation named: getPageUsingGET_1
2019-10-24 10:21:33.368  INFO 8248 --- [main] .d.s.w.r.o.CachingOperationNameGenerator : Generating unique operation named: saveUsingPOST_1
2019-10-24 10:21:33.370  INFO 8248 --- [main] .d.s.w.r.o.CachingOperationNameGenerator : Generating unique operation named: updateUsingPUT_1
2019-10-24 10:21:33.373  INFO 8248 --- [main] .d.s.w.r.o.CachingOperationNameGenerator : Generating unique operation named: allUsingGET_2
2019-10-24 10:21:33.375  INFO 8248 --- [main] .d.s.w.r.o.CachingOperationNameGenerator : Generating unique operation named: delUsingDELETE_2
2019-10-24 10:21:33.377  INFO 8248 --- [main] .d.s.w.r.o.CachingOperationNameGenerator : Generating unique operation named: getPageUsingGET_2
2019-10-24 10:21:33.403  INFO 8248 --- [main] .d.s.w.r.o.CachingOperationNameGenerator : Generating unique operation named: saveUsingPOST_2
2019-10-24 10:21:33.418  INFO 8248 --- [main] .d.s.w.r.o.CachingOperationNameGenerator : Generating unique operation named: updateUsingPUT_2
2019-10-24 10:21:33.578  INFO 8248 --- [main] o.s.b.w.embedded.tomcat.TomcatWebServer  : Tomcat started on port(s): 8088 (http) with context path ''
2019-10-24 10:21:33.590  INFO 8248 --- [main] com.feri.rbac.RbacApplication            : Started RbacApplication in 11.666 seconds (JVM running for 12.342)
